<?xml version="1.0" encoding="UTF-8"?>
<testsuite xmlns:xsi="http://www.w3.org/2001/XMLSchema-instance" xsi:noNamespaceSchemaLocation="https://maven.apache.org/surefire/maven-surefire-plugin/xsd/surefire-test-report-3.0.xsd" version="3.0" name="io.petstore.PetTests" time="8.432" tests="3" errors="0" skipped="0" failures="0">
  <properties>
[...]
</properties>
  <testcase name="shouldFindPetsByPendingStatus" classname="io.petstore.PetTests" time="4.037"/>
  <testcase name="shouldReturnNotFoundForNonExistentPet" classname="io.petstore.PetTests" time="0.734"/>
  <testcase name="shouldUpdateExistingPet" classname="io.petstore.PetTests" time="2.817"/>
</testsuite>